#
# There is insufficient memory for the Java Runtime Environment to continue.
# Native memory allocation (malloc) failed to allocate 1048576 bytes for AllocateHeap
# Possible reasons:
#   The system is out of physical RAM or swap space
#   The process is running with CompressedOops enabled, and the Java Heap may be blocking the growth of the native heap
# Possible solutions:
#   Reduce memory load on the system
#   Increase physical memory or swap space
#   Check if swap backing store is full
#   Decrease Java heap size (-Xmx/-Xms)
#   Decrease number of Java threads
#   Decrease Java thread stack sizes (-Xss)
#   Set larger code cache with -XX:ReservedCodeCacheSize=
#   JVM is running with Zero Based Compressed Oops mode in which the Java heap is
#     placed in the first 32GB address space. The Java Heap base address is the
#     maximum limit for the native heap growth. Please use -XX:HeapBaseMinAddress
#     to set the Java Heap base and to place the Java Heap above 32GB virtual address.
# This output file may be truncated or incomplete.
#
#  Out of Memory Error (allocation.cpp:44), pid=648, tid=5312
#
# JRE version: OpenJDK Runtime Environment Temurin-17.0.2+8 (17.0.2+8) (build 17.0.2+8)
# Java VM: OpenJDK 64-Bit Server VM Temurin-17.0.2+8 (17.0.2+8, mixed mode, emulated-client, tiered, compressed oops, compressed class ptrs, g1 gc, windows-amd64)
# No core dump will be written. Minidumps are not enabled by default on client versions of Windows
#

---------------  S U M M A R Y ------------

Command Line: -Dsts.lsp.client=vscode -Dsts.log.file=/dev/null -XX:TieredStopAtLevel=1 -Dspring.config.location=file:c:\Users\chargev\.vscode\extensions\pivotal.vscode-spring-boot-1.33.0\language-server\BOOT-INF\classes\application.properties org.springframework.ide.vscode.boot.app.BootLanguageServerBootApp

Host: 11th Gen Intel(R) Core(TM) i7-1165G7 @ 2.80GHz, 8 cores, 15G,  Windows 10 , 64 bit Build 19041 (10.0.19041.1503)
Time: Tue May  3 18:47:49 2022  Windows 10 , 64 bit Build 19041 (10.0.19041.1503) elapsed time: 15212.389996 seconds (0d 4h 13m 32s)

---------------  T H R E A D  ---------------

Current thread (0x000001446c59daf0):  VMThread "VM Thread" [stack: 0x00000038a2400000,0x00000038a2500000] [id=5312]

Stack: [0x00000038a2400000,0x00000038a2500000]
Native frames: (J=compiled Java code, j=interpreted, Vv=VM code, C=native code)
V  [jvm.dll+0x67564a]
V  [jvm.dll+0x82fc04]
V  [jvm.dll+0x8313ae]
V  [jvm.dll+0x831a13]
V  [jvm.dll+0x245235]
V  [jvm.dll+0xa6393]
V  [jvm.dll+0x2f5233]
V  [jvm.dll+0x2f0f70]
V  [jvm.dll+0x2d96c7]
V  [jvm.dll+0x31c6b7]
V  [jvm.dll+0x835ebb]
V  [jvm.dll+0x836bf4]
V  [jvm.dll+0x83710c]
V  [jvm.dll+0x8374e4]
V  [jvm.dll+0x8375b0]
V  [jvm.dll+0x7dff2a]
V  [jvm.dll+0x6744d5]
C  [ucrtbase.dll+0x21bb2]
C  [KERNEL32.DLL+0x17034]
C  [ntdll.dll+0x52651]

VM_Operation (0x00000038a3bfea20): G1CollectFull, mode: safepoint, requested by thread 0x000001446ec78770


---------------  P R O C E S S  ---------------

Threads class SMR info:
_java_thread_list=0x000001446f58fd50, length=19, elements={
0x000001446c5de7d0, 0x000001446d012540, 0x000001446d048940, 0x000001446d0242e0,
0x000001446d024ba0, 0x000001446d025460, 0x000001446d066a60, 0x000001446d067770,
0x000001446d1f5ad0, 0x000001446d1fc020, 0x000001446ec78770, 0x000001446ec8f030,
0x0000014458829f20, 0x000001446eaf1bb0, 0x000001446ed5b730, 0x000001446ed50000,
0x000001446ed85e40, 0x000001446d199430, 0x000001446ea1dc90
}

Java Threads: ( => current thread )
  0x000001446c5de7d0 JavaThread "Reference Handler" daemon [_thread_blocked, id=2744, stack(0x00000038a2500000,0x00000038a2600000)]
  0x000001446d012540 JavaThread "Finalizer" daemon [_thread_blocked, id=15108, stack(0x00000038a2600000,0x00000038a2700000)]
  0x000001446d048940 JavaThread "Signal Dispatcher" daemon [_thread_blocked, id=6212, stack(0x00000038a2700000,0x00000038a2800000)]
  0x000001446d0242e0 JavaThread "Attach Listener" daemon [_thread_blocked, id=12936, stack(0x00000038a2800000,0x00000038a2900000)]
  0x000001446d024ba0 JavaThread "Service Thread" daemon [_thread_blocked, id=8932, stack(0x00000038a2900000,0x00000038a2a00000)]
  0x000001446d025460 JavaThread "Monitor Deflation Thread" daemon [_thread_blocked, id=1144, stack(0x00000038a2a00000,0x00000038a2b00000)]
  0x000001446d066a60 JavaThread "C1 CompilerThread0" daemon [_thread_blocked, id=9900, stack(0x00000038a2b00000,0x00000038a2c00000)]
  0x000001446d067770 JavaThread "Sweeper thread" daemon [_thread_blocked, id=16912, stack(0x00000038a2c00000,0x00000038a2d00000)]
  0x000001446d1f5ad0 JavaThread "Notification Thread" daemon [_thread_blocked, id=18980, stack(0x00000038a2f00000,0x00000038a3000000)]
  0x000001446d1fc020 JavaThread "Common-Cleaner" daemon [_thread_blocked, id=12932, stack(0x00000038a3100000,0x00000038a3200000)]
  0x000001446ec78770 JavaThread "pool-7-thread-1" [_thread_blocked, id=20808, stack(0x00000038a3b00000,0x00000038a3c00000)]
  0x000001446ec8f030 JavaThread "LanguageServerApp-lifecycle" [_thread_blocked, id=8196, stack(0x00000038a3c00000,0x00000038a3d00000)]
  0x0000014458829f20 JavaThread "DestroyJavaVM" [_thread_blocked, id=20856, stack(0x00000038a1e00000,0x00000038a1f00000)]
  0x000001446eaf1bb0 JavaThread "pool-8-thread-1" [_thread_in_native, id=14232, stack(0x00000038a3d00000,0x00000038a3e00000)]
  0x000001446ed5b730 JavaThread "Simple-Language-Server main thread" daemon [_thread_blocked, id=2368, stack(0x00000038a3e00000,0x00000038a3f00000)]
  0x000001446ed50000 JavaThread "pool-5-thread-1" [_thread_blocked, id=1620, stack(0x00000038a3f00000,0x00000038a4000000)]
  0x000001446ed85e40 JavaThread "Reconciler-1" [_thread_blocked, id=21116, stack(0x00000038a4000000,0x00000038a4100000)]
  0x000001446d199430 JavaThread "parallel-1" daemon [_thread_blocked, id=448, stack(0x00000038a2d00000,0x00000038a2e00000)]
  0x000001446ea1dc90 JavaThread "pool-3-thread-1" [_thread_blocked, id=6500, stack(0x00000038a4600000,0x00000038a4700000)]

Other Threads:
=>0x000001446c59daf0 VMThread "VM Thread" [stack: 0x00000038a2400000,0x00000038a2500000] [id=5312]
  0x000001446d1f6400 WatcherThread [stack: 0x00000038a3000000,0x00000038a3100000] [id=17908]
  0x0000014458875770 GCTaskThread "GC Thread#0" [stack: 0x00000038a1f00000,0x00000038a2000000] [id=21328]
  0x000001446d9ea7f0 GCTaskThread "GC Thread#1" [stack: 0x00000038a3300000,0x00000038a3400000] [id=22160]
  0x000001446da1ca30 GCTaskThread "GC Thread#2" [stack: 0x00000038a3400000,0x00000038a3500000] [id=20112]
  0x000001446da1cce0 GCTaskThread "GC Thread#3" [stack: 0x00000038a3500000,0x00000038a3600000] [id=11876]
  0x000001446da1cf90 GCTaskThread "GC Thread#4" [stack: 0x00000038a3600000,0x00000038a3700000] [id=4596]
  0x000001446d9cb9d0 GCTaskThread "GC Thread#5" [stack: 0x00000038a3700000,0x00000038a3800000] [id=8980]
  0x000001446da4e6d0 GCTaskThread "GC Thread#6" [stack: 0x00000038a3800000,0x00000038a3900000] [id=14236]
  0x000001446e8bb690 GCTaskThread "GC Thread#7" [stack: 0x00000038a3900000,0x00000038a3a00000] [id=276]
  0x0000014458887240 ConcurrentGCThread "G1 Main Marker" [stack: 0x00000038a2000000,0x00000038a2100000] [id=10184]
  0x0000014458887c50 ConcurrentGCThread "G1 Conc#0" [stack: 0x00000038a2100000,0x00000038a2200000] [id=7580]
  0x000001446ea74e40 ConcurrentGCThread "G1 Conc#1" [stack: 0x00000038a3a00000,0x00000038a3b00000] [id=10976]
  0x00000144588fe000 ConcurrentGCThread "G1 Refine#0" [stack: 0x00000038a2200000,0x00000038a2300000] [id=22304]
  0x00000144588fea20 ConcurrentGCThread "G1 Service" [stack: 0x00000038a2300000,0x00000038a2400000] [id=2408]

Threads with active compile tasks:

VM state: at safepoint (normal execution)

VM Mutex/Monitor currently owned by a thread:  ([mutex/lock_event])
[0x00000144585eacc0] Threads_lock - owner thread: 0x000001446c59daf0
[0x0000014458826bc0] Heap_lock - owner thread: 0x000001446ec78770

Heap address: 0x0000000704800000, size: 4024 MB, Compressed Oops mode: Zero based, Oop shift amount: 3

CDS archive(s) not mapped
Compressed class space mapped at: 0x0000000800000000-0x0000000840000000, reserved size: 1073741824
Narrow klass base: 0x0000000800000000, Narrow klass shift: 0, Narrow klass range: 0x40000000

GC Precious Log:
 CPUs: 8 total, 8 available
 Memory: 16092M
 Large Page Support: Disabled
 NUMA Support: Disabled
 Compressed Oops: Enabled (Zero based)
 Heap Region Size: 2M
 Heap Min Capacity: 8M
 Heap Initial Capacity: 252M
 Heap Max Capacity: 4024M
 Pre-touch: Disabled
 Parallel Workers: 8
 Concurrent Workers: 2
 Concurrent Refinement Workers: 8
 Periodic GC: Disabled

Heap:
 garbage-first heap   total 75776K, used 20687K [0x0000000704800000, 0x0000000800000000)
  region size 2048K, 1 young (2048K), 0 survivors (0K)
 Metaspace       used 39331K, committed 39808K, reserved 1089536K
  class space    used 4937K, committed 5120K, reserved 1048576K

Heap Regions: E=young(eden), S=young(survivor), O=old, HS=humongous(starts), HC=humongous(continues), CS=collection set, F=free, OA=open archive, CA=closed archive, TAMS=top-at-mark-start (previous, next)
|   0|0x0000000704800000, 0x00000007049ffe40, 0x0000000704a00000| 99%| O|  |TAMS 0x00000007049ffe40, 0x0000000704800000| Untracked 
|   1|0x0000000704a00000, 0x0000000704c00000, 0x0000000704c00000|100%| O|  |TAMS 0x0000000704c00000, 0x0000000704a00000| Untracked 
|   2|0x0000000704c00000, 0x0000000704dfffd8, 0x0000000704e00000| 99%| O|  |TAMS 0x0000000704dfffd8, 0x0000000704c00000| Untracked 
|   3|0x0000000704e00000, 0x0000000704ffe2f8, 0x0000000705000000| 99%| O|  |TAMS 0x0000000704ffe2f8, 0x0000000704e00000| Untracked 
|   4|0x0000000705000000, 0x00000007051fffe8, 0x0000000705200000| 99%| O|  |TAMS 0x00000007051fffe8, 0x0000000705000000| Untracked 
|   5|0x0000000705200000, 0x0000000705400000, 0x0000000705400000|100%| O|  |TAMS 0x0000000705400000, 0x0000000705200000| Untracked 
|   6|0x0000000705400000, 0x0000000705600000, 0x0000000705600000|100%| O|  |TAMS 0x0000000705600000, 0x0000000705400000| Untracked 
|   7|0x0000000705600000, 0x00000007057ffff0, 0x0000000705800000| 99%| O|  |TAMS 0x00000007057ffff0, 0x0000000705600000| Untracked 
|   8|0x0000000705800000, 0x00000007059fffc0, 0x0000000705a00000| 99%| O|  |TAMS 0x00000007059fffc0, 0x0000000705800000| Untracked 
|   9|0x0000000705a00000, 0x0000000705bfffe8, 0x0000000705c00000| 99%| O|  |TAMS 0x0000000705bfffe8, 0x0000000705a00000| Untracked 
|  10|0x0000000705c00000, 0x0000000705c35cf8, 0x0000000705e00000| 10%| O|  |TAMS 0x0000000705c00000, 0x0000000705c00000| Untracked 
|  11|0x0000000705e00000, 0x0000000705e00048, 0x0000000706000000|  0%| O|  |TAMS 0x0000000705e00000, 0x0000000705e00000| Untracked 
|  12|0x0000000706000000, 0x0000000706000000, 0x0000000706200000|  0%| F|  |TAMS 0x0000000706000000, 0x0000000706000000| Untracked 
|  13|0x0000000706200000, 0x0000000706200000, 0x0000000706400000|  0%| F|  |TAMS 0x0000000706200000, 0x0000000706200000| Untracked 
|  14|0x0000000706400000, 0x0000000706400000, 0x0000000706600000|  0%| F|  |TAMS 0x0000000706400000, 0x0000000706400000| Untracked 
|  15|0x0000000706600000, 0x0000000706600000, 0x0000000706800000|  0%| F|  |TAMS 0x0000000706600000, 0x0000000706600000| Untracked 
|  16|0x0000000706800000, 0x0000000706800000, 0x0000000706a00000|  0%| F|  |TAMS 0x0000000706800000, 0x0000000706800000| Untracked 
|  17|0x0000000706a00000, 0x0000000706a00000, 0x0000000706c00000|  0%| F|  |TAMS 0x0000000706a00000, 0x0000000706a00000| Untracked 
|  18|0x0000000706c00000, 0x0000000706c00000, 0x0000000706e00000|  0%| F|  |TAMS 0x0000000706c00000, 0x0000000706c00000| Untracked 
|  19|0x0000000706e00000, 0x0000000706e00000, 0x0000000707000000|  0%| F|  |TAMS 0x0000000706e00000, 0x0000000706e00000| Untracked 
|  20|0x0000000707000000, 0x0000000707000000, 0x0000000707200000|  0%| F|  |TAMS 0x0000000707000000, 0x0000000707000000| Untracked 
|  21|0x0000000707200000, 0x0000000707200000, 0x0000000707400000|  0%| F|  |TAMS 0x0000000707200000, 0x0000000707200000| Untracked 
|  22|0x0000000707400000, 0x0000000707400000, 0x0000000707600000|  0%| F|  |TAMS 0x0000000707400000, 0x0000000707400000| Untracked 
|  23|0x0000000707600000, 0x0000000707600000, 0x0000000707800000|  0%| F|  |TAMS 0x0000000707600000, 0x0000000707600000| Untracked 
|  24|0x0000000707800000, 0x0000000707800000, 0x0000000707a00000|  0%| F|  |TAMS 0x0000000707800000, 0x0000000707800000| Untracked 
|  25|0x0000000707a00000, 0x0000000707a00000, 0x0000000707c00000|  0%| F|  |TAMS 0x0000000707a00000, 0x0000000707a00000| Untracked 
|  26|0x0000000707c00000, 0x0000000707c00000, 0x0000000707e00000|  0%| F|  |TAMS 0x0000000707c00000, 0x0000000707c00000| Untracked 
|  27|0x0000000707e00000, 0x0000000707e00000, 0x0000000708000000|  0%| F|  |TAMS 0x0000000707e00000, 0x0000000707e00000| Untracked 
|  28|0x0000000708000000, 0x0000000708000000, 0x0000000708200000|  0%| F|  |TAMS 0x0000000708000000, 0x0000000708000000| Untracked 
|  29|0x0000000708200000, 0x0000000708200000, 0x0000000708400000|  0%| F|  |TAMS 0x0000000708200000, 0x0000000708200000| Untracked 
|  30|0x0000000708400000, 0x0000000708400000, 0x0000000708600000|  0%| F|  |TAMS 0x0000000708400000, 0x0000000708400000| Untracked 
|  31|0x0000000708600000, 0x0000000708600000, 0x0000000708800000|  0%| F|  |TAMS 0x0000000708600000, 0x0000000708600000| Untracked 
|  32|0x0000000708800000, 0x0000000708800000, 0x0000000708a00000|  0%| F|  |TAMS 0x0000000708800000, 0x0000000708800000| Untracked 
|  33|0x0000000708a00000, 0x0000000708a00000, 0x0000000708c00000|  0%| F|  |TAMS 0x0000000708a00000, 0x0000000708a00000| Untracked 
|  34|0x0000000708c00000, 0x0000000708c00000, 0x0000000708e00000|  0%| F|  |TAMS 0x0000000708c00000, 0x0000000708c00000| Untracked 
|  35|0x0000000708e00000, 0x0000000708e00000, 0x0000000709000000|  0%| F|  |TAMS 0x0000000708e00000, 0x0000000708e00000| Untracked 
|  36|0x0000000709000000, 0x0000000709005080, 0x0000000709200000|  0%| E|  |TAMS 0x0000000709000000, 0x0000000709000000| Complete 

Card table byte_map: [0x0000014460d50000,0x0000014461530000] _byte_map_base: 0x000001445d52c000

Marking Bits (Prev, Next): (CMBitMap*) 0x0000014458876d90, (CMBitMap*) 0x0000014458876dd0
 Prev Bits: [0x0000014461d10000, 0x0000014465bf0000)
 Next Bits: [0x0000014465bf0000, 0x0000014469ad0000)

Polling page: 0x0000014458900000

Metaspace:

Usage:
  Non-class:     33.59 MB used.
      Class:      4.82 MB used.
       Both:     38.41 MB used.

Virtual space:
  Non-class space:       40.00 MB reserved,      33.88 MB ( 85%) committed,  5 nodes.
      Class space:        1.00 GB reserved,       5.00 MB ( <1%) committed,  1 nodes.
             Both:        1.04 GB reserved,      38.88 MB (  4%) committed. 

Chunk freelists:
   Non-Class:  1.95 MB
       Class:  2.99 MB
        Both:  4.94 MB

MaxMetaspaceSize: unlimited
CompressedClassSpaceSize: 1.00 GB
Initial GC threshold: 21.00 MB
Current GC threshold: 64.81 MB
CDS: off
MetaspaceReclaimPolicy: balanced
 - commit_granule_bytes: 65536.
 - commit_granule_words: 8192.
 - virtual_space_node_default_size: 1048576.
 - enlarge_chunks_in_place: 1.
 - new_chunks_are_fully_committed: 0.
 - uncommit_free_chunks: 1.
 - use_allocation_guard: 0.
 - handle_deallocations: 1.


Internal statistics:

num_allocs_failed_limit: 3.
num_arena_births: 388.
num_arena_deaths: 112.
num_vsnodes_births: 6.
num_vsnodes_deaths: 0.
num_space_committed: 622.
num_space_uncommitted: 0.
num_chunks_returned_to_freelist: 124.
num_chunks_taken_from_freelist: 1578.
num_chunk_merges: 44.
num_chunk_splits: 1077.
num_chunks_enlarged: 827.
num_purges: 6.
num_inconsistent_stats: 0.

CodeCache: size=49152Kb used=13617Kb max_used=13893Kb free=35535Kb
 bounds [0x000001445cc80000, 0x000001445da50000, 0x000001445fc80000]
 total_blobs=7167 nmethods=6611 adapters=482
 compilation: enabled
              stopped_count=0, restarted_count=0
 full_count=0

Compilation events (20 events):
Event: 10689.728 Thread 0x000001446d066a60 6603       1       org.eclipse.jdt.core.dom.DefaultASTVisitor::endVisit (6 bytes)
Event: 10689.728 Thread 0x000001446d066a60 nmethod 6603 0x000001445da1f910 code [0x000001445da1faa0, 0x000001445da1fb88]
Event: 10689.728 Thread 0x000001446d066a60 6604       1       org.eclipse.jdt.core.dom.NullLiteral::accept0 (12 bytes)
Event: 10689.728 Thread 0x000001446d066a60 nmethod 6604 0x000001445da1f590 code [0x000001445da1f740, 0x000001445da1f878]
Event: 10689.865 Thread 0x000001446d066a60 6605   !   1       org.eclipse.lsp4j.jsonrpc.RemoteEndpoint::handleRequest (152 bytes)
Event: 10689.867 Thread 0x000001446d066a60 nmethod 6605 0x000001445da1e210 code [0x000001445da1e4a0, 0x000001445da1ef98]
Event: 10689.867 Thread 0x000001446d066a60 6606       1       org.eclipse.lsp4j.jsonrpc.services.GenericEndpoint::request (238 bytes)
Event: 10689.868 Thread 0x000001446d066a60 nmethod 6606 0x000001445da1c010 code [0x000001445da1c3c0, 0x000001445da1d7b8]
Event: 10689.868 Thread 0x000001446d066a60 6607       1       org.eclipse.lsp4j.jsonrpc.RemoteEndpoint$$Lambda$405/0x00000008003aa000::<init> (15 bytes)
Event: 10689.868 Thread 0x000001446d066a60 nmethod 6607 0x000001445da1bc90 code [0x000001445da1be20, 0x000001445da1bf98]
Event: 10689.868 Thread 0x000001446d066a60 6608       1       org.eclipse.lsp4j.jsonrpc.RemoteEndpoint::createResponseMessage (24 bytes)
Event: 10689.869 Thread 0x000001446d066a60 nmethod 6608 0x000001445da1b790 code [0x000001445da1b940, 0x000001445da1bbd8]
Event: 10689.869 Thread 0x000001446d066a60 6609       1       org.eclipse.lsp4j.jsonrpc.RemoteEndpoint$$Lambda$406/0x00000008003b0688::<init> (20 bytes)
Event: 10689.869 Thread 0x000001446d066a60 nmethod 6609 0x000001445da1b390 code [0x000001445da1b520, 0x000001445da1b718]
Event: 10689.869 Thread 0x000001446d066a60 6610       1       java.util.concurrent.CompletableFuture::exceptionally (7 bytes)
Event: 10689.869 Thread 0x000001446d066a60 nmethod 6610 0x000001445da1b090 code [0x000001445da1b220, 0x000001445da1b308]
Event: 10689.869 Thread 0x000001446d066a60 6611   !   1       java.util.concurrent.CompletableFuture::uniExceptionallyStage (94 bytes)
Event: 10689.869 Thread 0x000001446d066a60 nmethod 6611 0x000001445da1a310 code [0x000001445da1a540, 0x000001445da1ae28]
Event: 10689.903 Thread 0x000001446d066a60 6612       1       org.eclipse.jdt.core.dom.ASTVisitor::visit (5 bytes)
Event: 10689.903 Thread 0x000001446d066a60 nmethod 6612 0x000001445da1a010 code [0x000001445da1a1a0, 0x000001445da1a278]

GC Heap History (20 events):
Event: 15110.654 GC heap before
{Heap before GC invocations=1483 (full 1453):
 garbage-first heap   total 75776K, used 20687K [0x0000000704800000, 0x0000000800000000)
  region size 2048K, 1 young (2048K), 0 survivors (0K)
 Metaspace       used 39331K, committed 39808K, reserved 1089536K
  class space    used 4937K, committed 5120K, reserved 1048576K
}
Event: 15110.680 GC heap after
{Heap after GC invocations=1484 (full 1454):
 garbage-first heap   total 75776K, used 20687K [0x0000000704800000, 0x0000000800000000)
  region size 2048K, 0 young (0K), 0 survivors (0K)
 Metaspace       used 39331K, committed 39808K, reserved 1089536K
  class space    used 4937K, committed 5120K, reserved 1048576K
}
Event: 15120.803 GC heap before
{Heap before GC invocations=1484 (full 1454):
 garbage-first heap   total 75776K, used 20687K [0x0000000704800000, 0x0000000800000000)
  region size 2048K, 1 young (2048K), 0 survivors (0K)
 Metaspace       used 39331K, committed 39808K, reserved 1089536K
  class space    used 4937K, committed 5120K, reserved 1048576K
}
Event: 15120.824 GC heap after
{Heap after GC invocations=1485 (full 1455):
 garbage-first heap   total 75776K, used 20687K [0x0000000704800000, 0x0000000800000000)
  region size 2048K, 0 young (0K), 0 survivors (0K)
 Metaspace       used 39331K, committed 39808K, reserved 1089536K
  class space    used 4937K, committed 5120K, reserved 1048576K
}
Event: 15130.946 GC heap before
{Heap before GC invocations=1485 (full 1455):
 garbage-first heap   total 75776K, used 20687K [0x0000000704800000, 0x0000000800000000)
  region size 2048K, 1 young (2048K), 0 survivors (0K)
 Metaspace       used 39331K, committed 39808K, reserved 1089536K
  class space    used 4937K, committed 5120K, reserved 1048576K
}
Event: 15130.966 GC heap after
{Heap after GC invocations=1486 (full 1456):
 garbage-first heap   total 75776K, used 20687K [0x0000000704800000, 0x0000000800000000)
  region size 2048K, 0 young (0K), 0 survivors (0K)
 Metaspace       used 39331K, committed 39808K, reserved 1089536K
  class space    used 4937K, committed 5120K, reserved 1048576K
}
Event: 15141.134 GC heap before
{Heap before GC invocations=1486 (full 1456):
 garbage-first heap   total 75776K, used 20687K [0x0000000704800000, 0x0000000800000000)
  region size 2048K, 1 young (2048K), 0 survivors (0K)
 Metaspace       used 39331K, committed 39808K, reserved 1089536K
  class space    used 4937K, committed 5120K, reserved 1048576K
}
Event: 15141.166 GC heap after
{Heap after GC invocations=1487 (full 1457):
 garbage-first heap   total 75776K, used 20687K [0x0000000704800000, 0x0000000800000000)
  region size 2048K, 0 young (0K), 0 survivors (0K)
 Metaspace       used 39331K, committed 39808K, reserved 1089536K
  class space    used 4937K, committed 5120K, reserved 1048576K
}
Event: 15151.325 GC heap before
{Heap before GC invocations=1487 (full 1457):
 garbage-first heap   total 75776K, used 20687K [0x0000000704800000, 0x0000000800000000)
  region size 2048K, 1 young (2048K), 0 survivors (0K)
 Metaspace       used 39331K, committed 39808K, reserved 1089536K
  class space    used 4937K, committed 5120K, reserved 1048576K
}
Event: 15151.355 GC heap after
{Heap after GC invocations=1488 (full 1458):
 garbage-first heap   total 75776K, used 20687K [0x0000000704800000, 0x0000000800000000)
  region size 2048K, 0 young (0K), 0 survivors (0K)
 Metaspace       used 39331K, committed 39808K, reserved 1089536K
  class space    used 4937K, committed 5120K, reserved 1048576K
}
Event: 15161.499 GC heap before
{Heap before GC invocations=1488 (full 1458):
 garbage-first heap   total 75776K, used 20687K [0x0000000704800000, 0x0000000800000000)
  region size 2048K, 1 young (2048K), 0 survivors (0K)
 Metaspace       used 39331K, committed 39808K, reserved 1089536K
  class space    used 4937K, committed 5120K, reserved 1048576K
}
Event: 15161.523 GC heap after
{Heap after GC invocations=1489 (full 1459):
 garbage-first heap   total 75776K, used 20687K [0x0000000704800000, 0x0000000800000000)
  region size 2048K, 0 young (0K), 0 survivors (0K)
 Metaspace       used 39331K, committed 39808K, reserved 1089536K
  class space    used 4937K, committed 5120K, reserved 1048576K
}
Event: 15171.732 GC heap before
{Heap before GC invocations=1489 (full 1459):
 garbage-first heap   total 75776K, used 20687K [0x0000000704800000, 0x0000000800000000)
  region size 2048K, 1 young (2048K), 0 survivors (0K)
 Metaspace       used 39331K, committed 39808K, reserved 1089536K
  class space    used 4937K, committed 5120K, reserved 1048576K
}
Event: 15171.766 GC heap after
{Heap after GC invocations=1490 (full 1460):
 garbage-first heap   total 75776K, used 20687K [0x0000000704800000, 0x0000000800000000)
  region size 2048K, 0 young (0K), 0 survivors (0K)
 Metaspace       used 39331K, committed 39808K, reserved 1089536K
  class space    used 4937K, committed 5120K, reserved 1048576K
}
Event: 15181.957 GC heap before
{Heap before GC invocations=1490 (full 1460):
 garbage-first heap   total 75776K, used 20687K [0x0000000704800000, 0x0000000800000000)
  region size 2048K, 1 young (2048K), 0 survivors (0K)
 Metaspace       used 39331K, committed 39808K, reserved 1089536K
  class space    used 4937K, committed 5120K, reserved 1048576K
}
Event: 15181.989 GC heap after
{Heap after GC invocations=1491 (full 1461):
 garbage-first heap   total 75776K, used 20687K [0x0000000704800000, 0x0000000800000000)
  region size 2048K, 0 young (0K), 0 survivors (0K)
 Metaspace       used 39331K, committed 39808K, reserved 1089536K
  class space    used 4937K, committed 5120K, reserved 1048576K
}
Event: 15192.129 GC heap before
{Heap before GC invocations=1491 (full 1461):
 garbage-first heap   total 75776K, used 20687K [0x0000000704800000, 0x0000000800000000)
  region size 2048K, 1 young (2048K), 0 survivors (0K)
 Metaspace       used 39331K, committed 39808K, reserved 1089536K
  class space    used 4937K, committed 5120K, reserved 1048576K
}
Event: 15192.156 GC heap after
{Heap after GC invocations=1492 (full 1462):
 garbage-first heap   total 75776K, used 20687K [0x0000000704800000, 0x0000000800000000)
  region size 2048K, 0 young (0K), 0 survivors (0K)
 Metaspace       used 39331K, committed 39808K, reserved 1089536K
  class space    used 4937K, committed 5120K, reserved 1048576K
}
Event: 15202.322 GC heap before
{Heap before GC invocations=1492 (full 1462):
 garbage-first heap   total 75776K, used 20687K [0x0000000704800000, 0x0000000800000000)
  region size 2048K, 1 young (2048K), 0 survivors (0K)
 Metaspace       used 39331K, committed 39808K, reserved 1089536K
  class space    used 4937K, committed 5120K, reserved 1048576K
}
Event: 15202.348 GC heap after
{Heap after GC invocations=1493 (full 1463):
 garbage-first heap   total 75776K, used 20687K [0x0000000704800000, 0x0000000800000000)
  region size 2048K, 0 young (0K), 0 survivors (0K)
 Metaspace       used 39331K, committed 39808K, reserved 1089536K
  class space    used 4937K, committed 5120K, reserved 1048576K
}

Deoptimization events (20 events):
Event: 14.071 Thread 0x000001446ed85e40 DEOPT PACKING pc=0x000001445d579da4 sp=0x00000038a40fd3c0
Event: 14.071 Thread 0x000001446ed85e40 DEOPT UNPACKING pc=0x000001445ccd6763 sp=0x00000038a40fc898 mode 0
Event: 14.071 Thread 0x000001446ed85e40 DEOPT PACKING pc=0x000001445d579da4 sp=0x00000038a40fd550
Event: 14.071 Thread 0x000001446ed85e40 DEOPT UNPACKING pc=0x000001445ccd6763 sp=0x00000038a40fca28 mode 0
Event: 14.073 Thread 0x000001446ed85e40 DEOPT PACKING pc=0x000001445d579da4 sp=0x00000038a40fd6e0
Event: 14.073 Thread 0x000001446ed85e40 DEOPT UNPACKING pc=0x000001445ccd6763 sp=0x00000038a40fcbb8 mode 0
Event: 14.073 Thread 0x000001446ed85e40 DEOPT PACKING pc=0x000001445d579da4 sp=0x00000038a40fd870
Event: 14.073 Thread 0x000001446ed85e40 DEOPT UNPACKING pc=0x000001445ccd6763 sp=0x00000038a40fcd48 mode 0
Event: 14.299 Thread 0x000001446ed85e40 DEOPT PACKING pc=0x000001445d5b3b06 sp=0x00000038a40fcec0
Event: 14.299 Thread 0x000001446ed85e40 DEOPT UNPACKING pc=0x000001445ccd6763 sp=0x00000038a40fc3b0 mode 3
Event: 14.957 Thread 0x000001446ed85e40 DEOPT PACKING pc=0x000001445d6c5733 sp=0x00000038a40fc4a0
Event: 14.957 Thread 0x000001446ed85e40 DEOPT UNPACKING pc=0x000001445ccd6763 sp=0x00000038a40fb998 mode 3
Event: 14.992 Thread 0x000001446ed85e40 DEOPT PACKING pc=0x000001445d6dce6a sp=0x00000038a40fcf00
Event: 14.992 Thread 0x000001446ed85e40 DEOPT UNPACKING pc=0x000001445ccd6763 sp=0x00000038a40fc380 mode 3
Event: 15.009 Thread 0x000001446ed85e40 DEOPT PACKING pc=0x000001445d69e359 sp=0x00000038a40fd470
Event: 15.009 Thread 0x000001446ed85e40 DEOPT UNPACKING pc=0x000001445ccd6763 sp=0x00000038a40fc948 mode 3
Event: 26.474 Thread 0x000001446ea1c950 DEOPT PACKING pc=0x000001445ce114a6 sp=0x00000038a43fe810
Event: 26.474 Thread 0x000001446ea1c950 DEOPT UNPACKING pc=0x000001445ccd6763 sp=0x00000038a43fdcd0 mode 3
Event: 163.892 Thread 0x000001446eaf1bb0 DEOPT PACKING pc=0x000001445d2d1b54 sp=0x00000038a3dff110
Event: 163.892 Thread 0x000001446eaf1bb0 DEOPT UNPACKING pc=0x000001445ccd6763 sp=0x00000038a3dfe598 mode 0

Classes unloaded (20 events):
Event: 152.269 Thread 0x000001446c59daf0 Unloading class 0x00000008001de400 'java/lang/invoke/LambdaForm$MH+0x00000008001de400'
Event: 152.269 Thread 0x000001446c59daf0 Unloading class 0x00000008001de000 'java/lang/invoke/LambdaForm$MH+0x00000008001de000'
Event: 152.269 Thread 0x000001446c59daf0 Unloading class 0x00000008001ddc00 'java/lang/invoke/LambdaForm$MH+0x00000008001ddc00'
Event: 152.269 Thread 0x000001446c59daf0 Unloading class 0x00000008001dd400 'java/lang/invoke/LambdaForm$MH+0x00000008001dd400'
Event: 152.269 Thread 0x000001446c59daf0 Unloading class 0x00000008000c8000 'java/lang/invoke/LambdaForm$MH+0x00000008000c8000'
Event: 162.413 Thread 0x000001446c59daf0 Unloading class 0x000000080050ac00 'java/lang/invoke/LambdaForm$DMH+0x000000080050ac00'
Event: 162.413 Thread 0x000001446c59daf0 Unloading class 0x0000000800508800 'jdk/internal/reflect/GeneratedConstructorAccessor24'
Event: 162.413 Thread 0x000001446c59daf0 Unloading class 0x0000000800508400 'jdk/internal/reflect/GeneratedMethodAccessor19'
Event: 162.413 Thread 0x000001446c59daf0 Unloading class 0x0000000800508000 'jdk/internal/reflect/GeneratedMethodAccessor18'
Event: 162.413 Thread 0x000001446c59daf0 Unloading class 0x0000000800503c00 'jdk/internal/reflect/GeneratedMethodAccessor17'
Event: 162.413 Thread 0x000001446c59daf0 Unloading class 0x0000000800503800 'jdk/internal/reflect/GeneratedConstructorAccessor23'
Event: 162.413 Thread 0x000001446c59daf0 Unloading class 0x0000000800503400 'jdk/internal/reflect/GeneratedMethodAccessor16'
Event: 162.413 Thread 0x000001446c59daf0 Unloading class 0x0000000800503000 'jdk/internal/reflect/GeneratedMethodAccessor15'
Event: 162.413 Thread 0x000001446c59daf0 Unloading class 0x0000000800439400 'java/lang/invoke/LambdaForm$MH+0x0000000800439400'
Event: 162.413 Thread 0x000001446c59daf0 Unloading class 0x0000000800439000 'java/lang/invoke/LambdaForm$MH+0x0000000800439000'
Event: 162.413 Thread 0x000001446c59daf0 Unloading class 0x0000000800438c00 'java/lang/invoke/LambdaForm$MH+0x0000000800438c00'
Event: 162.413 Thread 0x000001446c59daf0 Unloading class 0x0000000800438800 'java/lang/invoke/LambdaForm$MH+0x0000000800438800'
Event: 162.413 Thread 0x000001446c59daf0 Unloading class 0x0000000800438400 'java/lang/invoke/LambdaForm$MH+0x0000000800438400'
Event: 162.413 Thread 0x000001446c59daf0 Unloading class 0x0000000800438000 'java/lang/invoke/LambdaForm$MH+0x0000000800438000'
Event: 162.413 Thread 0x000001446c59daf0 Unloading class 0x00000008002e1400 'java/lang/invoke/LambdaForm$MH+0x00000008002e1400'

Classes redefined (0 events):
No events

Internal exceptions (20 events):
Event: 10689.710 Thread 0x000001446ea1d2f0 Exception <a 'java/lang/ArrayIndexOutOfBoundsException'{0x0000000707572df8}> (0x0000000707572df8) 
thrown [e:\jenkins\tmp\workspace\build\src\src\hotspot\share\runtime\sharedRuntime.cpp, line 628]
Event: 10689.710 Thread 0x000001446ea1d2f0 Exception <a 'java/lang/ArrayIndexOutOfBoundsException'{0x0000000707585e70}> (0x0000000707585e70) 
thrown [e:\jenkins\tmp\workspace\build\src\src\hotspot\share\runtime\sharedRuntime.cpp, line 628]
Event: 10689.710 Thread 0x000001446ea1d2f0 Exception <a 'java/lang/ArrayIndexOutOfBoundsException'{0x00000007075982c0}> (0x00000007075982c0) 
thrown [e:\jenkins\tmp\workspace\build\src\src\hotspot\share\runtime\sharedRuntime.cpp, line 628]
Event: 10689.711 Thread 0x000001446ea1d2f0 Exception <a 'java/lang/ArrayIndexOutOfBoundsException'{0x00000007075b57f0}> (0x00000007075b57f0) 
thrown [e:\jenkins\tmp\workspace\build\src\src\hotspot\share\runtime\sharedRuntime.cpp, line 628]
Event: 10689.711 Thread 0x000001446ea1d2f0 Exception <a 'java/lang/ArrayIndexOutOfBoundsException'{0x00000007075c7e18}> (0x00000007075c7e18) 
thrown [e:\jenkins\tmp\workspace\build\src\src\hotspot\share\runtime\sharedRuntime.cpp, line 628]
Event: 10689.711 Thread 0x000001446ea1d2f0 Exception <a 'java/lang/ArrayIndexOutOfBoundsException'{0x00000007075d6478}> (0x00000007075d6478) 
thrown [e:\jenkins\tmp\workspace\build\src\src\hotspot\share\runtime\sharedRuntime.cpp, line 628]
Event: 10689.711 Thread 0x000001446ea1d2f0 Exception <a 'java/lang/ArrayIndexOutOfBoundsException'{0x00000007075d6a40}> (0x00000007075d6a40) 
thrown [e:\jenkins\tmp\workspace\build\src\src\hotspot\share\runtime\sharedRuntime.cpp, line 628]
Event: 10689.711 Thread 0x000001446ea1d2f0 Exception <a 'java/lang/ArrayIndexOutOfBoundsException'{0x00000007075d7038}> (0x00000007075d7038) 
thrown [e:\jenkins\tmp\workspace\build\src\src\hotspot\share\runtime\sharedRuntime.cpp, line 628]
Event: 10689.712 Thread 0x000001446ea1d2f0 Exception <a 'java/lang/ArrayIndexOutOfBoundsException'{0x00000007075e5570}> (0x00000007075e5570) 
thrown [e:\jenkins\tmp\workspace\build\src\src\hotspot\share\runtime\sharedRuntime.cpp, line 628]
Event: 10689.712 Thread 0x000001446ea1d2f0 Exception <a 'java/lang/ArrayIndexOutOfBoundsException'{0x00000007075e5b38}> (0x00000007075e5b38) 
thrown [e:\jenkins\tmp\workspace\build\src\src\hotspot\share\runtime\sharedRuntime.cpp, line 628]
Event: 10689.712 Thread 0x000001446ea1d2f0 Exception <a 'java/lang/ArrayIndexOutOfBoundsException'{0x00000007075e6130}> (0x00000007075e6130) 
thrown [e:\jenkins\tmp\workspace\build\src\src\hotspot\share\runtime\sharedRuntime.cpp, line 628]
Event: 10689.712 Thread 0x000001446ea1d2f0 Exception <a 'java/lang/ArrayIndexOutOfBoundsException'{0x00000007075f8ee0}> (0x00000007075f8ee0) 
thrown [e:\jenkins\tmp\workspace\build\src\src\hotspot\share\runtime\sharedRuntime.cpp, line 628]
Event: 10689.716 Thread 0x000001446ea1d2f0 Exception <a 'java/lang/ArrayIndexOutOfBoundsException'{0x000000070721bd68}> (0x000000070721bd68) 
thrown [e:\jenkins\tmp\workspace\build\src\src\hotspot\share\runtime\sharedRuntime.cpp, line 628]
Event: 10689.716 Thread 0x000001446ea1d2f0 Exception <a 'java/lang/ArrayIndexOutOfBoundsException'{0x0000000707230378}> (0x0000000707230378) 
thrown [e:\jenkins\tmp\workspace\build\src\src\hotspot\share\runtime\sharedRuntime.cpp, line 628]
Event: 10689.716 Thread 0x000001446ea1d2f0 Exception <a 'java/lang/ArrayIndexOutOfBoundsException'{0x0000000707244d60}> (0x0000000707244d60) 
thrown [e:\jenkins\tmp\workspace\build\src\src\hotspot\share\runtime\sharedRuntime.cpp, line 628]
Event: 10689.717 Thread 0x000001446ea1d2f0 Exception <a 'java/lang/ArrayIndexOutOfBoundsException'{0x000000070725a620}> (0x000000070725a620) 
thrown [e:\jenkins\tmp\workspace\build\src\src\hotspot\share\runtime\sharedRuntime.cpp, line 628]
Event: 10689.717 Thread 0x000001446ea1d2f0 Exception <a 'java/lang/ArrayIndexOutOfBoundsException'{0x000000070726ff70}> (0x000000070726ff70) 
thrown [e:\jenkins\tmp\workspace\build\src\src\hotspot\share\runtime\sharedRuntime.cpp, line 628]
Event: 10689.717 Thread 0x000001446ea1d2f0 Exception <a 'java/lang/ArrayIndexOutOfBoundsException'{0x00000007072828b8}> (0x00000007072828b8) 
thrown [e:\jenkins\tmp\workspace\build\src\src\hotspot\share\runtime\sharedRuntime.cpp, line 628]
Event: 10689.721 Thread 0x000001446ea1d2f0 Exception <a 'java/lang/ArrayIndexOutOfBoundsException'{0x0000000707293468}> (0x0000000707293468) 
thrown [e:\jenkins\tmp\workspace\build\src\src\hotspot\share\runtime\sharedRuntime.cpp, line 628]
Event: 10689.722 Thread 0x000001446ea1d2f0 Exception <a 'java/lang/ArrayIndexOutOfBoundsException'{0x000000070729d210}> (0x000000070729d210) 
thrown [e:\jenkins\tmp\workspace\build\src\src\hotspot\share\runtime\sharedRuntime.cpp, line 628]

VM Operations (20 events):
Event: 15110.680 Executing VM operation: G1CollectFull done
Event: 15120.803 Executing VM operation: G1CollectFull
Event: 15120.824 Executing VM operation: G1CollectFull done
Event: 15130.945 Executing VM operation: G1CollectFull
Event: 15130.966 Executing VM operation: G1CollectFull done
Event: 15141.134 Executing VM operation: G1CollectFull
Event: 15141.166 Executing VM operation: G1CollectFull done
Event: 15151.325 Executing VM operation: G1CollectFull
Event: 15151.355 Executing VM operation: G1CollectFull done
Event: 15161.499 Executing VM operation: G1CollectFull
Event: 15161.523 Executing VM operation: G1CollectFull done
Event: 15171.732 Executing VM operation: G1CollectFull
Event: 15171.766 Executing VM operation: G1CollectFull done
Event: 15181.956 Executing VM operation: G1CollectFull
Event: 15181.989 Executing VM operation: G1CollectFull done
Event: 15192.129 Executing VM operation: G1CollectFull
Event: 15192.156 Executing VM operation: G1CollectFull done
Event: 15202.322 Executing VM operation: G1CollectFull
Event: 15202.348 Executing VM operation: G1CollectFull done
Event: 15212.380 Executing VM operation: G1CollectFull

Events (20 events):
Event: 142.017 loading class jdk/internal/event/ProcessStartEvent done
Event: 164.163 Thread 0x000001446d936310 Thread added: 0x000001446d936310
Event: 169.169 Thread 0x000001446d936310 Thread exited: 0x000001446d936310
Event: 251.953 Thread 0x000001446ea1c950 Thread exited: 0x000001446ea1c950
Event: 1297.857 Thread 0x000001446ea1efd0 Thread added: 0x000001446ea1efd0
Event: 1357.868 Thread 0x000001446ea1efd0 Thread exited: 0x000001446ea1efd0
Event: 1492.188 Thread 0x000001446ea1fe40 Thread added: 0x000001446ea1fe40
Event: 1505.085 Thread 0x000001446d9358f0 Thread added: 0x000001446d9358f0
Event: 1505.085 Thread 0x000001446d9349c0 Thread added: 0x000001446d9349c0
Event: 1510.447 Thread 0x000001446d9349c0 Thread exited: 0x000001446d9349c0
Event: 1515.446 Thread 0x000001446d9358f0 Thread exited: 0x000001446d9358f0
Event: 1565.448 Thread 0x000001446ea1fe40 Thread exited: 0x000001446ea1fe40
Event: 4654.487 Thread 0x000001446ea20310 Thread added: 0x000001446ea20310
Event: 4714.507 Thread 0x000001446ea20310 Thread exited: 0x000001446ea20310
Event: 10405.242 Thread 0x000001446ea1d7c0 Thread added: 0x000001446ea1d7c0
Event: 10420.771 Thread 0x000001446d934ed0 Thread added: 0x000001446d934ed0
Event: 10425.776 Thread 0x000001446d934ed0 Thread exited: 0x000001446d934ed0
Event: 10480.777 Thread 0x000001446ea1d7c0 Thread exited: 0x000001446ea1d7c0
Event: 10677.884 Thread 0x000001446ea1d2f0 Thread added: 0x000001446ea1d2f0
Event: 10749.903 Thread 0x000001446ea1d2f0 Thread exited: 0x000001446ea1d2f0


Dynamic libraries:
0x00007ff615260000 - 0x00007ff61526e000 	c:\Users\chargev\.vscode\extensions\redhat.java-1.5.0-win32-x64\jre\17.0.2-win32-x86_64\bin\java.exe
0x00007ff9c5ad0000 - 0x00007ff9c5cc5000 	C:\Windows\SYSTEM32\ntdll.dll
0x00007ff9c4cf0000 - 0x00007ff9c4dae000 	C:\Windows\System32\KERNEL32.DLL
0x00007ff9c3610000 - 0x00007ff9c38d8000 	C:\Windows\System32\KERNELBASE.dll
0x00007ff9c39f0000 - 0x00007ff9c3af0000 	C:\Windows\System32\ucrtbase.dll
0x00007ff99ff50000 - 0x00007ff99ff69000 	c:\Users\chargev\.vscode\extensions\redhat.java-1.5.0-win32-x64\jre\17.0.2-win32-x86_64\bin\VCRUNTIME140.dll
0x00007ff9a32f0000 - 0x00007ff9a3308000 	c:\Users\chargev\.vscode\extensions\redhat.java-1.5.0-win32-x64\jre\17.0.2-win32-x86_64\bin\jli.dll
0x00007ff9c3b20000 - 0x00007ff9c3cc0000 	C:\Windows\System32\USER32.dll
0x00007ff9c3970000 - 0x00007ff9c3992000 	C:\Windows\System32\win32u.dll
0x00007ff9b0760000 - 0x00007ff9b09fa000 	C:\Windows\WinSxS\amd64_microsoft.windows.common-controls_6595b64144ccf1df_6.0.19041.1110_none_60b5254171f9507e\COMCTL32.dll
0x00007ff9c4db0000 - 0x00007ff9c4ddb000 	C:\Windows\System32\GDI32.dll
0x00007ff9c4b00000 - 0x00007ff9c4b9e000 	C:\Windows\System32\msvcrt.dll
0x00007ff9c31e0000 - 0x00007ff9c32ed000 	C:\Windows\System32\gdi32full.dll
0x00007ff9c32f0000 - 0x00007ff9c338d000 	C:\Windows\System32\msvcp_win.dll
0x00007ff9c4de0000 - 0x00007ff9c4e10000 	C:\Windows\System32\IMM32.DLL
0x00007ff9ad160000 - 0x00007ff9ad16c000 	c:\Users\chargev\.vscode\extensions\redhat.java-1.5.0-win32-x64\jre\17.0.2-win32-x86_64\bin\vcruntime140_1.dll
0x00007ff982a70000 - 0x00007ff982b01000 	c:\Users\chargev\.vscode\extensions\redhat.java-1.5.0-win32-x64\jre\17.0.2-win32-x86_64\bin\msvcp140.dll
0x00007ff95bee0000 - 0x00007ff95cb27000 	c:\Users\chargev\.vscode\extensions\redhat.java-1.5.0-win32-x64\jre\17.0.2-win32-x86_64\bin\server\jvm.dll
0x00007ff9c42f0000 - 0x00007ff9c439e000 	C:\Windows\System32\ADVAPI32.dll
0x00007ff9c4450000 - 0x00007ff9c44ec000 	C:\Windows\System32\sechost.dll
0x00007ff9c4950000 - 0x00007ff9c4a75000 	C:\Windows\System32\RPCRT4.dll
0x00007ff9c4e10000 - 0x00007ff9c4e18000 	C:\Windows\System32\PSAPI.DLL
0x00007ff9baec0000 - 0x00007ff9baeca000 	C:\Windows\SYSTEM32\VERSION.dll
0x00007ff9bbed0000 - 0x00007ff9bbed9000 	C:\Windows\SYSTEM32\WSOCK32.dll
0x00007ff9c0660000 - 0x00007ff9c0687000 	C:\Windows\SYSTEM32\WINMM.dll
0x00007ff9c4ba0000 - 0x00007ff9c4c0b000 	C:\Windows\System32\WS2_32.dll
0x00007ff9c1a50000 - 0x00007ff9c1a62000 	C:\Windows\SYSTEM32\kernel.appcore.dll
0x00007ff9ac460000 - 0x00007ff9ac46a000 	c:\Users\chargev\.vscode\extensions\redhat.java-1.5.0-win32-x64\jre\17.0.2-win32-x86_64\bin\jimage.dll
0x00007ff9c1720000 - 0x00007ff9c1904000 	C:\Windows\SYSTEM32\DBGHELP.DLL
0x00007ff9c05f0000 - 0x00007ff9c061c000 	C:\Windows\SYSTEM32\dbgcore.DLL
0x00007ff9c38e0000 - 0x00007ff9c3962000 	C:\Windows\System32\bcryptPrimitives.dll
0x00007ff998250000 - 0x00007ff998275000 	c:\Users\chargev\.vscode\extensions\redhat.java-1.5.0-win32-x64\jre\17.0.2-win32-x86_64\bin\java.dll
0x00007ff99b050000 - 0x00007ff99b068000 	c:\Users\chargev\.vscode\extensions\redhat.java-1.5.0-win32-x64\jre\17.0.2-win32-x86_64\bin\zip.dll
0x00007ff9c5330000 - 0x00007ff9c5a74000 	C:\Windows\System32\SHELL32.dll
0x00007ff9c0ec0000 - 0x00007ff9c1654000 	C:\Windows\SYSTEM32\windows.storage.dll
0x00007ff9c4fd0000 - 0x00007ff9c5325000 	C:\Windows\System32\combase.dll
0x00007ff9c2b50000 - 0x00007ff9c2b7e000 	C:\Windows\SYSTEM32\Wldp.dll
0x00007ff9c44f0000 - 0x00007ff9c459d000 	C:\Windows\System32\SHCORE.dll
0x00007ff9c4a80000 - 0x00007ff9c4ad5000 	C:\Windows\System32\shlwapi.dll
0x00007ff9c3120000 - 0x00007ff9c313f000 	C:\Windows\SYSTEM32\profapi.dll
0x00007ff9a7a10000 - 0x00007ff9a7a29000 	C:\Users\chargev\.vscode\extensions\redhat.java-1.5.0-win32-x64\jre\17.0.2-win32-x86_64\bin\net.dll
0x00007ff9bd7f0000 - 0x00007ff9bd8fc000 	C:\Windows\SYSTEM32\WINHTTP.dll
0x00007ff9c2930000 - 0x00007ff9c299a000 	C:\Windows\system32\mswsock.dll
0x00007ff99f120000 - 0x00007ff99f135000 	C:\Users\chargev\.vscode\extensions\redhat.java-1.5.0-win32-x64\jre\17.0.2-win32-x86_64\bin\nio.dll
0x00007ff9a7860000 - 0x00007ff9a7870000 	c:\Users\chargev\.vscode\extensions\redhat.java-1.5.0-win32-x64\jre\17.0.2-win32-x86_64\bin\verify.dll
0x00007ff9ad180000 - 0x00007ff9ad189000 	C:\Users\chargev\.vscode\extensions\redhat.java-1.5.0-win32-x64\jre\17.0.2-win32-x86_64\bin\management.dll
0x00007ff9a7840000 - 0x00007ff9a784b000 	C:\Users\chargev\.vscode\extensions\redhat.java-1.5.0-win32-x64\jre\17.0.2-win32-x86_64\bin\management_ext.dll
0x00007ff9a70c0000 - 0x00007ff9a70d7000 	C:\Windows\system32\napinsp.dll
0x00007ff9a6620000 - 0x00007ff9a663b000 	C:\Windows\system32\pnrpnsp.dll
0x00007ff9bddb0000 - 0x00007ff9bddc5000 	C:\Windows\system32\wshbth.dll
0x00007ff9be4a0000 - 0x00007ff9be4bd000 	C:\Windows\system32\NLAapi.dll
0x00007ff9c25f0000 - 0x00007ff9c262b000 	C:\Windows\SYSTEM32\IPHLPAPI.DLL
0x00007ff9c2680000 - 0x00007ff9c274b000 	C:\Windows\SYSTEM32\DNSAPI.dll
0x00007ff9c5a80000 - 0x00007ff9c5a88000 	C:\Windows\System32\NSI.dll
0x00007ff9a6600000 - 0x00007ff9a6612000 	C:\Windows\System32\winrnr.dll
0x00007ff9bae00000 - 0x00007ff9bae0a000 	C:\Windows\System32\rasadhlp.dll
0x00007ff9b9980000 - 0x00007ff9b99ff000 	C:\Windows\System32\fwpuclnt.dll
0x00007ff9c3af0000 - 0x00007ff9c3b17000 	C:\Windows\System32\bcrypt.dll
0x00007ff9c2b90000 - 0x00007ff9c2ba8000 	C:\Windows\SYSTEM32\CRYPTSP.dll
0x00007ff9c2260000 - 0x00007ff9c2294000 	C:\Windows\system32\rsaenh.dll
0x00007ff9c30e0000 - 0x00007ff9c310e000 	C:\Windows\SYSTEM32\USERENV.dll
0x00007ff9c2ac0000 - 0x00007ff9c2acc000 	C:\Windows\SYSTEM32\CRYPTBASE.dll
0x00007ff9bbd10000 - 0x00007ff9bbd27000 	C:\Windows\SYSTEM32\dhcpcsvc6.DLL
0x00007ff9bc200000 - 0x00007ff9bc21d000 	C:\Windows\SYSTEM32\dhcpcsvc.DLL

dbghelp: loaded successfully - version: 4.0.5 - missing functions: none
symbol engine: initialized successfully - sym options: 0x614 - pdb path: .;c:\Users\chargev\.vscode\extensions\redhat.java-1.5.0-win32-x64\jre\17.0.2-win32-x86_64\bin;C:\Windows\SYSTEM32;C:\Windows\WinSxS\amd64_microsoft.windows.common-controls_6595b64144ccf1df_6.0.19041.1110_none_60b5254171f9507e;c:\Users\chargev\.vscode\extensions\redhat.java-1.5.0-win32-x64\jre\17.0.2-win32-x86_64\bin\server

VM Arguments:
jvm_args: -Dsts.lsp.client=vscode -Dsts.log.file=/dev/null -XX:TieredStopAtLevel=1 -Dspring.config.location=file:c:\Users\chargev\.vscode\extensions\pivotal.vscode-spring-boot-1.33.0\language-server\BOOT-INF\classes\application.properties 
java_command: org.springframework.ide.vscode.boot.app.BootLanguageServerBootApp
java_class_path (initial): c:\Users\chargev\.vscode\extensions\pivotal.vscode-spring-boot-1.33.0\language-server\BOOT-INF\classes;c:\Users\chargev\.vscode\extensions\pivotal.vscode-spring-boot-1.33.0\language-server\BOOT-INF\lib\antlr4-runtime-4.5.3.jar;c:\Users\chargev\.vscode\extensions\pivotal.vscode-spring-boot-1.33.0\language-server\BOOT-INF\lib\byte-buddy-1.10.18.jar;c:\Users\chargev\.vscode\extensions\pivotal.vscode-spring-boot-1.33.0\language-server\BOOT-INF\lib\commons-codec-1.14.jar;c:\Users\chargev\.vscode\extensions\pivotal.vscode-spring-boot-1.33.0\language-server\BOOT-INF\lib\commons-io-2.4.jar;c:\Users\chargev\.vscode\extensions\pivotal.vscode-spring-boot-1.33.0\language-server\BOOT-INF\lib\commons-java-1.33.0-SNAPSHOT.jar;c:\Users\chargev\.vscode\extensions\pivotal.vscode-spring-boot-1.33.0\language-server\BOOT-INF\lib\commons-lang3-3.10.jar;c:\Users\chargev\.vscode\extensions\pivotal.vscode-spring-boot-1.33.0\language-server\BOOT-INF\lib\commons-language-server-1.33.0-SNAPSHOT.jar;c:\Users\chargev\.vscode\extensions\pivotal.vscode-spring-boot-1.33.0\language-server\BOOT-INF\lib\commons-lsp-extensions-1.33.0-SNAPSHOT.jar;c:\Users\chargev\.vscode\extensions\pivotal.vscode-spring-boot-1.33.0\language-server\BOOT-INF\lib\commons-util-1.33.0-SNAPSHOT.jar;c:\Users\chargev\.vscode\extensions\pivotal.vscode-spring-boot-1.33.0\language-server\BOOT-INF\lib\commons-yaml-1.33.0-SNAPSHOT.jar;c:\Users\chargev\.vscode\extensions\pivotal.vscode-spring-boot-1.33.0\language-server\BOOT-INF\lib\gson-2.8.6.jar;c:\Users\chargev\.vscode\extensions\pivotal.vscode-spring-boot-1.33.0\language-server\BOOT-INF\lib\guava-19.0.jar;c:\Users\chargev\.vscode\extensions\pivotal.vscode-spring-boot-1.33.0\language-server\BOOT-INF\lib\jakarta.annotation-api-1.3.5.jar;c:\Users\chargev\.vscode\extensions\pivotal.vscode-spring-boot-1.33.0\language-server\BOOT-INF\lib\jandex-2.0.5.Final.jar;c:\Users\chargev\.vscode\extensions\pivotal.vscode-spring-boot-1.33.0\language-server\BOOT-INF\li
Launcher Type: SUN_STANDARD

[Global flags]
     intx CICompilerCount                          = 4                                         {product} {ergonomic}
     uint ConcGCThreads                            = 2                                         {product} {ergonomic}
     uint G1ConcRefinementThreads                  = 8                                         {product} {ergonomic}
   size_t G1HeapRegionSize                         = 2097152                                   {product} {ergonomic}
    uintx GCDrainStackTargetSize                   = 64                                        {product} {ergonomic}
   size_t InitialHeapSize                          = 264241152                                 {product} {ergonomic}
   size_t MarkStackSize                            = 4194304                                   {product} {ergonomic}
   size_t MaxHeapSize                              = 4219469824                                {product} {ergonomic}
   size_t MaxNewSize                               = 2531262464                                {product} {ergonomic}
   size_t MinHeapDeltaBytes                        = 2097152                                   {product} {ergonomic}
   size_t MinHeapSize                              = 8388608                                   {product} {ergonomic}
    uintx NonProfiledCodeHeapSize                  = 0                                      {pd product} {ergonomic}
     bool ProfileInterpreter                       = false                                  {pd product} {command line}
    uintx ProfiledCodeHeapSize                     = 0                                      {pd product} {ergonomic}
   size_t SoftMaxHeapSize                          = 4219469824                             {manageable} {ergonomic}
     intx TieredStopAtLevel                        = 1                                         {product} {command line}
     bool UseCompressedClassPointers               = true                           {product lp64_product} {ergonomic}
     bool UseCompressedOops                        = true                           {product lp64_product} {ergonomic}
     bool UseG1GC                                  = true                                      {product} {ergonomic}
     bool UseLargePagesIndividualAllocation        = false                                  {pd product} {ergonomic}

Logging:
Log output configuration:
 #0: stdout all=warning uptime,level,tags
 #1: stderr all=off uptime,level,tags

Environment Variables:
JAVA_HOME=C:\Program Files\OpenJDK\jdk-11.0.1
PATH=C:\Program Files (x86)\Common Files\Oracle\Java\javapath;C:\Program Files\Eclipse Adoptium\jdk-11.0.13.8-hotspot\bin;C:\Windows\system32;C:\Windows;C:\Windows\System32\Wbem;C:\Windows\System32\WindowsPowerShell\v1.0\;C:\Windows\System32\OpenSSH\;C:\Program Files\Git\cmd;C:\Program Files\MongoDB\Server\5.0\bin;C:\Program Files\nodejs\;C:\Program Files\PuTTY\;C:\Program Files\Microsoft SQL Server\150\Tools\Binn\;C:\Program Files\dotnet\;C:\Program Files\Docker\Docker\resources\bin;C:\ProgramData\DockerDesktop\version-bin;C:\Program Files\OpenJDK\jdk-11.0.1\bin;C:\Users\chargev\AppData\Local\Microsoft\WindowsApps;;C:\Users\chargev\AppData\Local\Programs\Microsoft VS Code\bin;C:\Program Files\Bandizip\;C:\Users\chargev\AppData\Roaming\npm;C:\Users\chargev\.dotnet\tools
USERNAME=chargev
OS=Windows_NT
PROCESSOR_IDENTIFIER=Intel64 Family 6 Model 140 Stepping 1, GenuineIntel



---------------  S Y S T E M  ---------------

OS:
 Windows 10 , 64 bit Build 19041 (10.0.19041.1503)
OS uptime: 1 days 8:10 hours
Hyper-V role detected

CPU: total 8 (initial active 8) (4 cores per cpu, 2 threads per core) family 6 model 140 stepping 1 microcode 0x9a, cx8, cmov, fxsr, ht, mmx, 3dnowpref, sse, sse2, sse3, ssse3, sse4.1, sse4.2, popcnt, lzcnt, tsc, tscinvbit, avx, avx2, aes, erms, clmul, bmi1, bmi2, adx, avx512f, avx512dq, avx512cd, avx512bw, avx512vl, sha, fma, vzeroupper, avx512_vpopcntdq, avx512_vpclmulqdq, avx512_vaes, avx512_vnni, clflush, clflushopt, clwb, avx512_vbmi2, avx512_vbmi, hv

Memory: 4k page, system-wide physical 16092M (660M free)
TotalPageFile size 65244M (AvailPageFile size 7M)
current process WorkingSet (physical memory assigned to process): 51M, peak: 224M
current process commit charge ("private bytes"): 213M, peak: 360M

vm_info: OpenJDK 64-Bit Server VM (17.0.2+8) for windows-amd64 JRE (17.0.2+8), built on Jan 20 2022 04:52:34 by "" with MS VC++ 16.7 (VS2019)

END.
